Determining if the pthread_create exist failed with the following output:
Change Dir: /home/sifan/slam-package/K_means/catkin_ws/src/PSN/cmake-build-debug/CMakeFiles/CMakeTmp

Run Build Command:"/usr/bin/make" "cmTC_ea1e6/fast"
/usr/bin/make -f CMakeFiles/cmTC_ea1e6.dir/build.make CMakeFiles/cmTC_ea1e6.dir/build
make[1]: Entering directory '/home/sifan/slam-package/K_means/catkin_ws/src/PSN/cmake-build-debug/CMakeFiles/CMakeTmp'
Building C object CMakeFiles/cmTC_ea1e6.dir/CheckSymbolExists.c.o
/usr/bin/cc    -o CMakeFiles/cmTC_ea1e6.dir/CheckSymbolExists.c.o   -c /home/sifan/slam-package/K_means/catkin_ws/src/PSN/cmake-build-debug/CMakeFiles/CMakeTmp/CheckSymbolExists.c
Linking C executable cmTC_ea1e6
/home/sifan/软件/clion-2018.3.4/bin/cmake/linux/bin/cmake -E cmake_link_script CMakeFiles/cmTC_ea1e6.dir/link.txt --verbose=1
/usr/bin/cc      -rdynamic CMakeFiles/cmTC_ea1e6.dir/CheckSymbolExists.c.o  -o cmTC_ea1e6 
CMakeFiles/cmTC_ea1e6.dir/CheckSymbolExists.c.o：在函数‘main’中：
CheckSymbolExists.c:(.text+0x16)：对‘pthread_create’未定义的引用
collect2: error: ld returned 1 exit status
CMakeFiles/cmTC_ea1e6.dir/build.make:86: recipe for target 'cmTC_ea1e6' failed
make[1]: *** [cmTC_ea1e6] Error 1
make[1]: Leaving directory '/home/sifan/slam-package/K_means/catkin_ws/src/PSN/cmake-build-debug/CMakeFiles/CMakeTmp'
Makefile:121: recipe for target 'cmTC_ea1e6/fast' failed
make: *** [cmTC_ea1e6/fast] Error 2

File /home/sifan/slam-package/K_means/catkin_ws/src/PSN/cmake-build-debug/CMakeFiles/CMakeTmp/CheckSymbolExists.c:
/* */
#include <pthread.h>

int main(int argc, char** argv)
{
  (void)argv;
#ifndef pthread_create
  return ((int*)(&pthread_create))[argc];
#else
  (void)argc;
  return 0;
#endif
}

Determining if the function pthread_create exists in the pthreads failed with the following output:
Change Dir: /home/sifan/slam-package/K_means/catkin_ws/src/PSN/cmake-build-debug/CMakeFiles/CMakeTmp

Run Build Command:"/usr/bin/make" "cmTC_fef20/fast"
/usr/bin/make -f CMakeFiles/cmTC_fef20.dir/build.make CMakeFiles/cmTC_fef20.dir/build
make[1]: Entering directory '/home/sifan/slam-package/K_means/catkin_ws/src/PSN/cmake-build-debug/CMakeFiles/CMakeTmp'
Building C object CMakeFiles/cmTC_fef20.dir/CheckFunctionExists.c.o
/usr/bin/cc   -DCHECK_FUNCTION_EXISTS=pthread_create   -o CMakeFiles/cmTC_fef20.dir/CheckFunctionExists.c.o   -c /home/sifan/软件/clion-2018.3.4/bin/cmake/linux/share/cmake-3.13/Modules/CheckFunctionExists.c
Linking C executable cmTC_fef20
/home/sifan/软件/clion-2018.3.4/bin/cmake/linux/bin/cmake -E cmake_link_script CMakeFiles/cmTC_fef20.dir/link.txt --verbose=1
/usr/bin/cc  -DCHECK_FUNCTION_EXISTS=pthread_create    -rdynamic CMakeFiles/cmTC_fef20.dir/CheckFunctionExists.c.o  -o cmTC_fef20 -lpthreads 
/usr/bin/ld: 找不到 -lpthreads
collect2: error: ld returned 1 exit status
CMakeFiles/cmTC_fef20.dir/build.make:86: recipe for target 'cmTC_fef20' failed
make[1]: *** [cmTC_fef20] Error 1
make[1]: Leaving directory '/home/sifan/slam-package/K_means/catkin_ws/src/PSN/cmake-build-debug/CMakeFiles/CMakeTmp'
Makefile:121: recipe for target 'cmTC_fef20/fast' failed
make: *** [cmTC_fef20/fast] Error 2


